<?xml version="1.0" encoding="UTF-8"?>
<!-- Generated by org.testng.reporters.JUnitXMLReporter -->
<testsuite ignored="0" hostname="MSI" failures="0" tests="39" name="RestAssuredTests" time="30.016" errors="0" timestamp="2023-02-01T12:48:37 EST">
  <testcase classname="com.trelloapi.testcases.TC001_POST_CreateNewBoard" name="checkResponseBody" time="0.029"/>
  <testcase classname="com.trelloapi.testcases.TC001_POST_CreateNewBoard" name="checkStatusCode" time="0.001"/>
  <testcase classname="com.trelloapi.testcases.TC001_POST_CreateNewBoard" name="getBoardId" time="0.649"/>
  <testcase classname="com.trelloapi.testcases.TC001_POST_CreateNewBoard" name="getContentTypeHeaderValue" time="0.003"/>
  <testcase classname="com.trelloapi.testcases.TC002_GET_VerifyBoardCreated" name="checkBoardId" time="0.031"/>
  <testcase classname="com.trelloapi.testcases.TC002_GET_VerifyBoardCreated" name="checkBoardName" time="0.026"/>
  <testcase classname="com.trelloapi.testcases.TC002_GET_VerifyBoardCreated" name="checkResponseBody" time="0.001"/>
  <testcase classname="com.trelloapi.testcases.TC002_GET_VerifyBoardCreated" name="checkStatusCode" time="0.001"/>
  <testcase classname="com.trelloapi.testcases.TC003_POST_CreateNewList" name="checkListName" time="0.018"/>
  <testcase classname="com.trelloapi.testcases.TC003_POST_CreateNewList" name="checkResponseBody" time="0.001"/>
  <testcase classname="com.trelloapi.testcases.TC003_POST_CreateNewList" name="checkStatusCode" time="0.001"/>
  <testcase classname="com.trelloapi.testcases.TC003_POST_CreateNewList" name="getListId" time="0.016"/>
  <testcase classname="com.trelloapi.testcases.TC004_GET_VerifyListCreated" name="checkListName" time="0.016"/>
  <testcase classname="com.trelloapi.testcases.TC004_GET_VerifyListCreated" name="checkResponseBody" time="0.0"/>
  <testcase classname="com.trelloapi.testcases.TC004_GET_VerifyListCreated" name="checkStatusCode" time="0.001"/>
  <testcase classname="com.trelloapi.testcases.TC005_POST_CreateNewCard" name="checkCardName" time="0.024"/>
  <testcase classname="com.trelloapi.testcases.TC005_POST_CreateNewCard" name="checkResponseBody" time="0.0"/>
  <testcase classname="com.trelloapi.testcases.TC005_POST_CreateNewCard" name="checkStatusCode" time="0.0"/>
  <testcase classname="com.trelloapi.testcases.TC005_POST_CreateNewCard" name="getCardId" time="0.015"/>
  <testcase classname="com.trelloapi.testcases.TC006_GET_VerifyCardCreated" name="checkCardName" time="0.041"/>
  <testcase classname="com.trelloapi.testcases.TC006_GET_VerifyCardCreated" name="checkResponseBody" time="0.001"/>
  <testcase classname="com.trelloapi.testcases.TC006_GET_VerifyCardCreated" name="checkStatusCode" time="0.0"/>
  <testcase classname="com.trelloapi.testcases.TC007_CreateCheckList" name="checkChecklistName" time="0.036"/>
  <testcase classname="com.trelloapi.testcases.TC007_CreateCheckList" name="checkResponseBody" time="0.002"/>
  <testcase classname="com.trelloapi.testcases.TC007_CreateCheckList" name="checkStatusCode" time="0.002"/>
  <testcase classname="com.trelloapi.testcases.TC007_CreateCheckList" name="getChecklistId" time="0.029"/>
  <testcase classname="com.trelloapi.testcases.TC008_GET_CheckListCreated" name="checkChecklistName" time="0.019"/>
  <testcase classname="com.trelloapi.testcases.TC008_GET_CheckListCreated" name="checkResponseBody" time="0.001"/>
  <testcase classname="com.trelloapi.testcases.TC008_GET_CheckListCreated" name="checkStatusCode" time="0.002"/>
  <testcase classname="com.trelloapi.testcases.TC009_POST_CreateCheckItems_DataDrivenTest" name="checkStatusCode" time="0.001"/>
  <testcase classname="com.trelloapi.testcases.TC009_POST_CreateCheckItems_DataDrivenTest" name="getCheckItemsTestData" time="0.273"/>
  <testcase classname="com.trelloapi.testcases.TC009_POST_CreateCheckItems_DataDrivenTest" name="getCheckItemsTestData" time="0.295"/>
  <testcase classname="com.trelloapi.testcases.TC009_POST_CreateCheckItems_DataDrivenTest" name="getCheckItemsTestData" time="0.203"/>
  <testcase classname="com.trelloapi.testcases.TC010_GET_CheckItemsCreated" name="checkResponseBody" time="0.001"/>
  <testcase classname="com.trelloapi.testcases.TC010_GET_CheckItemsCreated" name="checkStatusCode" time="0.001"/>
  <testcase classname="com.trelloapi.testcases.TC011_DELETE_DeleteBoard" name="checkResponseBody" time="0.001"/>
  <testcase classname="com.trelloapi.testcases.TC011_DELETE_DeleteBoard" name="checkStatusCode" time="0.001"/>
  <testcase classname="com.trelloapi.testcases.TC012_GET_VerifyBoardDeleted" name="checkResponseBody" time="0.001"/>
  <testcase classname="com.trelloapi.testcases.TC012_GET_VerifyBoardDeleted" name="checkStatusCode" time="0.001"/>
</testsuite> <!-- RestAssuredTests -->
